0 info it worked if it ends with ok
1 verbose cli [ 'C:\\Program Files (x86)\\nodejs\\node.exe',
1 verbose cli   'C:\\Users\\Raideer\\AppData\\Roaming\\npm\\node_modules\\npm\\bin\\npm-cli.js',
1 verbose cli   'version',
1 verbose cli   'patch' ]
2 info using npm@3.10.8
3 info using node@v6.4.0
4 info git [ 'status', '--porcelain' ]
5 verbose stack Error: Git working directory not clean.
5 verbose stack M bot.js
5 verbose stack M src/commands/AboutCommand.js
5 verbose stack M src/commands/ConfigCommand.js
5 verbose stack D src/inhibitors/Localizer.js
5 verbose stack     at C:\Users\Raideer\AppData\Roaming\npm\node_modules\npm\lib\version.js:247:19
5 verbose stack     at C:\Users\Raideer\AppData\Roaming\npm\node_modules\npm\lib\utils\no-progress-while-running.js:21:8
5 verbose stack     at ChildProcess.exithandler (child_process.js:197:7)
5 verbose stack     at emitTwo (events.js:106:13)
5 verbose stack     at ChildProcess.emit (events.js:191:7)
5 verbose stack     at maybeClose (internal/child_process.js:852:16)
5 verbose stack     at Socket.<anonymous> (internal/child_process.js:323:11)
5 verbose stack     at emitOne (events.js:96:13)
5 verbose stack     at Socket.emit (events.js:188:7)
5 verbose stack     at Pipe._handle.close [as _onclose] (net.js:492:12)
6 verbose cwd D:\WORK\workspace-new\Projects\discord-platron
7 error Windows_NT 10.0.15063
8 error argv "C:\\Program Files (x86)\\nodejs\\node.exe" "C:\\Users\\Raideer\\AppData\\Roaming\\npm\\node_modules\\npm\\bin\\npm-cli.js" "version" "patch"
9 error node v6.4.0
10 error npm  v3.10.8
11 error Git working directory not clean.
11 error M bot.js
11 error M src/commands/AboutCommand.js
11 error M src/commands/ConfigCommand.js
11 error D src/inhibitors/Localizer.js
12 error If you need help, you may report this error at:
12 error     <https://github.com/npm/npm/issues>
13 verbose exit [ 1, true ]
